<?xml version="1.0" encoding="UTF-8"?>
<!-- Generated by org.testng.reporters.JUnitXMLReporter -->
<testsuite ignored="0" hostname="DESKTOP-BKS66NO" failures="0" tests="3" name="Default test" time="0.059" errors="0" timestamp="2022-10-10T20:22:12 IST">
  <testcase classname="Testing.TestingProjectHeadings" name="@BeforeTest openbrowser" time="-1.665413532401E9">
    <failure type="org.testng.TestNGException" message="
Parameter &amp;apos;browser&amp;apos; is required by BeforeTest on method openbrowser but has not been marked @Optional or defined
in C:\Users\yadav\AppData\Local\Temp\testng-eclipse--2122145125\testng-customsuite.xml">
      <![CDATA[org.testng.TestNGException: 
Parameter 'browser' is required by BeforeTest on method openbrowser but has not been marked @Optional or defined
in C:\Users\yadav\AppData\Local\Temp\testng-eclipse--2122145125\testng-customsuite.xml
at org.testng.internal.Parameters.createParams(Parameters.java:270)
at org.testng.internal.Parameters.createParametersForMethod(Parameters.java:358)
at org.testng.internal.Parameters.createParameters(Parameters.java:700)
at org.testng.internal.Parameters.createConfigurationParameters(Parameters.java:168)
at org.testng.internal.ConfigInvoker.invokeConfigurations(ConfigInvoker.java:302)
at org.testng.TestRunner.invokeTestConfigurations(TestRunner.java:637)
at org.testng.TestRunner.beforeRun(TestRunner.java:627)
at org.testng.TestRunner.run(TestRunner.java:589)
at org.testng.SuiteRunner.runTest(SuiteRunner.java:377)
at org.testng.SuiteRunner.runSequentially(SuiteRunner.java:371)
at org.testng.SuiteRunner.privateRun(SuiteRunner.java:332)
at org.testng.SuiteRunner.run(SuiteRunner.java:276)
at org.testng.SuiteRunnerWorker.runSuite(SuiteRunnerWorker.java:53)
at org.testng.SuiteRunnerWorker.run(SuiteRunnerWorker.java:96)
at org.testng.TestNG.runSuitesSequentially(TestNG.java:1212)
at org.testng.TestNG.runSuitesLocally(TestNG.java:1134)
at org.testng.TestNG.runSuites(TestNG.java:1063)
at org.testng.TestNG.run(TestNG.java:1031)
at org.testng.remote.AbstractRemoteTestNG.run(AbstractRemoteTestNG.java:115)
at org.testng.remote.RemoteTestNG.initAndRun(RemoteTestNG.java:251)
at org.testng.remote.RemoteTestNG.main(RemoteTestNG.java:77)
]]>
    </failure>
  </testcase> <!-- @BeforeTest openbrowser -->
  <testcase classname="Testing.TestingProjectHeadings" name="@BeforeClass CreateObject" time="-1.665413532423E9">
    <skipped/>
  </testcase> <!-- @BeforeClass CreateObject -->
  <testcase classname="Testing.TestingProjectHeadings" name="@BeforeMethod logintoApllication" time="-1.665413532433E9">
    <skipped/>
  </testcase> <!-- @BeforeMethod logintoApllication -->
  <testcase classname="Testing.TestingProjectHeadings" name="@AfterMethod logout" time="-1.665413532439E9">
    <skipped/>
  </testcase> <!-- @AfterMethod logout -->
  <testcase classname="Testing.TestingProjectHeadings" name="@BeforeMethod logintoApllication" time="-1.665413532441E9">
    <skipped/>
  </testcase> <!-- @BeforeMethod logintoApllication -->
  <testcase classname="Testing.TestingProjectHeadings" name="@AfterMethod logout" time="-1.665413532444E9">
    <skipped/>
  </testcase> <!-- @AfterMethod logout -->
  <testcase classname="Testing.TestingProjectHeadings" name="@BeforeMethod logintoApllication" time="-1.665413532445E9">
    <skipped/>
  </testcase> <!-- @BeforeMethod logintoApllication -->
  <testcase classname="Testing.TestingProjectHeadings" name="@AfterMethod logout" time="-1.665413532448E9">
    <skipped/>
  </testcase> <!-- @AfterMethod logout -->
  <testcase classname="Testing.TestingProjectHeadings" name="@AfterClass Clearobject" time="-1.665413532449E9">
    <skipped/>
  </testcase> <!-- @AfterClass Clearobject -->
  <testcase classname="Testing.TestingProjectHeadings" name="@AfterTest afterTest" time="-1.665413532453E9">
    <skipped/>
  </testcase> <!-- @AfterTest afterTest -->
  <testcase classname="Testing.TestingProjectHeadings" name="test" time="0.0">
    <skipped/>
  </testcase> <!-- test -->
  <testcase classname="Testing.TestingProjectHeadings" name="test1" time="0.0">
    <skipped/>
  </testcase> <!-- test1 -->
  <testcase classname="Testing.TestingProjectHeadings" name="test2" time="0.0">
    <skipped/>
  </testcase> <!-- test2 -->
</testsuite> <!-- Default test -->
